<?xml version="1.0" encoding="UTF-8"?>
<!-- Generated by org.testng.reporters.JUnitReportReporter -->
<testsuite hostname="AmbujKumarSonker" failures="0" tests="1" name="com.fis.ebay.testcases.AddToCartTest" time="24.605" errors="0" timestamp="2025-01-29T16:10:01 IST" skipped="0">
  <testcase classname="com.fis.ebay.testcases.AddToCartTest" name="addToCartTest" time="24.605"/>
</testsuite> <!-- com.fis.ebay.testcases.AddToCartTest -->
