<?xml version="1.0" encoding="UTF-8"?>
<!-- Generated by org.testng.reporters.JUnitReportReporter -->
<testsuite hostname="AmbujKumarSonker" failures="0" tests="1" name="com.ebay.qa.testcases.AddToCartTest" time="35.270" errors="0" timestamp="2025-01-30T20:40:03 IST" skipped="0">
  <testcase classname="com.ebay.qa.testcases.AddToCartTest" name="addToCartTest" time="35.270"/>
</testsuite> <!-- com.ebay.qa.testcases.AddToCartTest -->
