<?xml version="1.0" encoding="UTF-8"?>
<!-- Generated by org.testng.reporters.JUnitReportReporter -->
<testsuite hostname="AmbujKumarSonker" failures="0" tests="1" name="com.ebay.testcases.AddToCartTest" time="23.564" errors="0" timestamp="2025-01-29T16:22:36 IST" skipped="0">
  <testcase classname="com.ebay.testcases.AddToCartTest" name="addToCartTest" time="23.564"/>
</testsuite> <!-- com.ebay.testcases.AddToCartTest -->
